main.obj : error LNK2019: unresolved external symbol __imp_glClear referenced in function "void __cdecl URender(void)" (?URender@@YAXXZ)
main.obj : error LNK2019: unresolved external symbol __imp_glClearColor referenced in function "void __cdecl URender(void)" (?URender@@YAXXZ)
main.obj : error LNK2019: unresolved external symbol __imp_glDrawElements referenced in function "void __cdecl URender(void)" (?URender@@YAXXZ)
main.obj : error LNK2019: unresolved external symbol __imp_glEnable referenced in function "void __cdecl URender(void)" (?URender@@YAXXZ)
main.obj : error LNK2019: unresolved external symbol __imp_glGetString referenced in function "bool __cdecl UInitialize(int,char * * const,struct GLFWwindow * *)" (?UInitialize@@YA_NHQEAPEADPEAPEAUGLFWwindow@@@Z)
main.obj : error LNK2019: unresolved external symbol __imp_glViewport referenced in function "void __cdecl UResizeWindow(struct GLFWwindow *,int,int)" (?UResizeWindow@@YAXPEAUGLFWwindow@@HH@Z)
main.obj : error LNK2019: unresolved external symbol __imp_glewInit referenced in function "bool __cdecl UInitialize(int,char * * const,struct GLFWwindow * *)" (?UInitialize@@YA_NHQEAPEADPEAPEAUGLFWwindow@@@Z)
main.obj : error LNK2019: unresolved external symbol __imp_glewGetErrorString referenced in function "bool __cdecl UInitialize(int,char * * const,struct GLFWwindow * *)" (?UInitialize@@YA_NHQEAPEADPEAPEAUGLFWwindow@@@Z)
main.obj : error LNK2019: unresolved external symbol glfwInit referenced in function "bool __cdecl UInitialize(int,char * * const,struct GLFWwindow * *)" (?UInitialize@@YA_NHQEAPEADPEAPEAUGLFWwindow@@@Z)
main.obj : error LNK2019: unresolved external symbol glfwTerminate referenced in function "bool __cdecl UInitialize(int,char * * const,struct GLFWwindow * *)" (?UInitialize@@YA_NHQEAPEADPEAPEAUGLFWwindow@@@Z)
main.obj : error LNK2019: unresolved external symbol glfwWindowHint referenced in function "bool __cdecl UInitialize(int,char * * const,struct GLFWwindow * *)" (?UInitialize@@YA_NHQEAPEADPEAPEAUGLFWwindow@@@Z)
main.obj : error LNK2019: unresolved external symbol glfwCreateWindow referenced in function "bool __cdecl UInitialize(int,char * * const,struct GLFWwindow * *)" (?UInitialize@@YA_NHQEAPEADPEAPEAUGLFWwindow@@@Z)
main.obj : error LNK2019: unresolved external symbol glfwWindowShouldClose referenced in function main
main.obj : error LNK2019: unresolved external symbol glfwSetWindowShouldClose referenced in function "void __cdecl UProcessInput(struct GLFWwindow *)" (?UProcessInput@@YAXPEAUGLFWwindow@@@Z)
main.obj : error LNK2019: unresolved external symbol glfwSetFramebufferSizeCallback referenced in function "bool __cdecl UInitialize(int,char * * const,struct GLFWwindow * *)" (?UInitialize@@YA_NHQEAPEADPEAPEAUGLFWwindow@@@Z)
main.obj : error LNK2019: unresolved external symbol glfwPollEvents referenced in function main
main.obj : error LNK2019: unresolved external symbol glfwGetKey referenced in function "void __cdecl UProcessInput(struct GLFWwindow *)" (?UProcessInput@@YAXPEAUGLFWwindow@@@Z)
main.obj : error LNK2019: unresolved external symbol glfwMakeContextCurrent referenced in function "bool __cdecl UInitialize(int,char * * const,struct GLFWwindow * *)" (?UInitialize@@YA_NHQEAPEADPEAPEAUGLFWwindow@@@Z)
main.obj : error LNK2019: unresolved external symbol glfwSwapBuffers referenced in function "void __cdecl URender(void)" (?URender@@YAXXZ)
main.obj : error LNK2019: unresolved external symbol __imp___glewBindBuffer referenced in function "void __cdecl UCreateMesh(struct `anonymous namespace'::GLMesh &)" (?UCreateMesh@@YAXAEAUGLMesh@?A0xff88c7de@@@Z)
main.obj : error LNK2019: unresolved external symbol __imp___glewBufferData referenced in function "void __cdecl UCreateMesh(struct `anonymous namespace'::GLMesh &)" (?UCreateMesh@@YAXAEAUGLMesh@?A0xff88c7de@@@Z)
main.obj : error LNK2019: unresolved external symbol __imp___glewDeleteBuffers referenced in function "void __cdecl UDestroyMesh(struct `anonymous namespace'::GLMesh &)" (?UDestroyMesh@@YAXAEAUGLMesh@?A0xff88c7de@@@Z)
main.obj : error LNK2019: unresolved external symbol __imp___glewGenBuffers referenced in function "void __cdecl UCreateMesh(struct `anonymous namespace'::GLMesh &)" (?UCreateMesh@@YAXAEAUGLMesh@?A0xff88c7de@@@Z)
main.obj : error LNK2019: unresolved external symbol __imp___glewAttachShader referenced in function "bool __cdecl UCreateShaderProgram(char const *,char const *,unsigned int &)" (?UCreateShaderProgram@@YA_NPEBD0AEAI@Z)
main.obj : error LNK2019: unresolved external symbol __imp___glewCompileShader referenced in function "bool __cdecl UCreateShaderProgram(char const *,char const *,unsigned int &)" (?UCreateShaderProgram@@YA_NPEBD0AEAI@Z)
main.obj : error LNK2019: unresolved external symbol __imp___glewCreateProgram referenced in function "bool __cdecl UCreateShaderProgram(char const *,char const *,unsigned int &)" (?UCreateShaderProgram@@YA_NPEBD0AEAI@Z)
main.obj : error LNK2019: unresolved external symbol __imp___glewCreateShader referenced in function "bool __cdecl UCreateShaderProgram(char const *,char const *,unsigned int &)" (?UCreateShaderProgram@@YA_NPEBD0AEAI@Z)
main.obj : error LNK2019: unresolved external symbol __imp___glewDeleteProgram referenced in function "void __cdecl UDestroyShaderProgram(unsigned int)" (?UDestroyShaderProgram@@YAXI@Z)
main.obj : error LNK2019: unresolved external symbol __imp___glewEnableVertexAttribArray referenced in function "void __cdecl UCreateMesh(struct `anonymous namespace'::GLMesh &)" (?UCreateMesh@@YAXAEAUGLMesh@?A0xff88c7de@@@Z)
main.obj : error LNK2019: unresolved external symbol __imp___glewGetProgramInfoLog referenced in function "bool __cdecl UCreateShaderProgram(char const *,char const *,unsigned int &)" (?UCreateShaderProgram@@YA_NPEBD0AEAI@Z)
main.obj : error LNK2019: unresolved external symbol __imp___glewGetProgramiv referenced in function "bool __cdecl UCreateShaderProgram(char const *,char const *,unsigned int &)" (?UCreateShaderProgram@@YA_NPEBD0AEAI@Z)
main.obj : error LNK2019: unresolved external symbol __imp___glewGetShaderInfoLog referenced in function "bool __cdecl UCreateShaderProgram(char const *,char const *,unsigned int &)" (?UCreateShaderProgram@@YA_NPEBD0AEAI@Z)
main.obj : error LNK2019: unresolved external symbol __imp___glewGetShaderiv referenced in function "bool __cdecl UCreateShaderProgram(char const *,char const *,unsigned int &)" (?UCreateShaderProgram@@YA_NPEBD0AEAI@Z)
main.obj : error LNK2019: unresolved external symbol __imp___glewGetUniformLocation referenced in function "void __cdecl URender(void)" (?URender@@YAXXZ)
main.obj : error LNK2019: unresolved external symbol __imp___glewLinkProgram referenced in function "bool __cdecl UCreateShaderProgram(char const *,char const *,unsigned int &)" (?UCreateShaderProgram@@YA_NPEBD0AEAI@Z)
main.obj : error LNK2019: unresolved external symbol __imp___glewShaderSource referenced in function "bool __cdecl UCreateShaderProgram(char const *,char const *,unsigned int &)" (?UCreateShaderProgram@@YA_NPEBD0AEAI@Z)
main.obj : error LNK2019: unresolved external symbol __imp___glewUniformMatrix4fv referenced in function "void __cdecl URender(void)" (?URender@@YAXXZ)
main.obj : error LNK2019: unresolved external symbol __imp___glewUseProgram referenced in function "bool __cdecl UCreateShaderProgram(char const *,char const *,unsigned int &)" (?UCreateShaderProgram@@YA_NPEBD0AEAI@Z)
main.obj : error LNK2019: unresolved external symbol __imp___glewVertexAttribPointer referenced in function "void __cdecl UCreateMesh(struct `anonymous namespace'::GLMesh &)" (?UCreateMesh@@YAXAEAUGLMesh@?A0xff88c7de@@@Z)
main.obj : error LNK2019: unresolved external symbol __imp___glewBindVertexArray referenced in function "void __cdecl UCreateMesh(struct `anonymous namespace'::GLMesh &)" (?UCreateMesh@@YAXAEAUGLMesh@?A0xff88c7de@@@Z)
main.obj : error LNK2019: unresolved external symbol __imp___glewDeleteVertexArrays referenced in function "void __cdecl UDestroyMesh(struct `anonymous namespace'::GLMesh &)" (?UDestroyMesh@@YAXAEAUGLMesh@?A0xff88c7de@@@Z)
main.obj : error LNK2019: unresolved external symbol __imp___glewGenVertexArrays referenced in function "void __cdecl UCreateMesh(struct `anonymous namespace'::GLMesh &)" (?UCreateMesh@@YAXAEAUGLMesh@?A0xff88c7de@@@Z)
main.obj : error LNK2019: unresolved external symbol __imp_glewExperimental referenced in function "bool __cdecl UInitialize(int,char * * const,struct GLFWwindow * *)" (?UInitialize@@YA_NHQEAPEADPEAPEAUGLFWwindow@@@Z)
C:\Users\user\Desktop\lastONE\Dependencies\lib-vc2015\glfw3.lib : warning LNK4272: library machine type 'x86' conflicts with target machine type 'x64'
C:\Users\user\Desktop\lastONE\Dependencies\lib\glew32s.lib : warning LNK4272: library machine type 'x86' conflicts with target machine type 'x64'
C:\Users\user\Desktop\lastONE\Dependencies\lib\glew32.lib : warning LNK4272: library machine type 'x86' conflicts with target machine type 'x64'
C:\Users\user\Desktop\lastONE\Dependencies\lib\SOIL.lib : warning LNK4272: library machine type 'x86' conflicts with target machine type 'x64'
C:\Users\user\Desktop\lastproject\FinalAnswer001\x64\Debug\FinalAnswer001.exe : fatal error LNK1120: 43 unresolved externals
